<?xml version="1.0" encoding="UTF-8"?>
<testsuite name="com.gildedrose.BehaviorClassInstantiationTest" tests="7" skipped="0" failures="0" errors="0" timestamp="2020-09-29T16:56:01" hostname="LAPTOP-7EIT0NTC" time="0.044">
  <properties/>
  <testcase name="factoryReturnsConjuredBehaviorClass()" classname="com.gildedrose.BehaviorClassInstantiationTest" time="0.029"/>
  <testcase name="factoryReturnsDefaultBehaviorClassElixir()" classname="com.gildedrose.BehaviorClassInstantiationTest" time="0.003"/>
  <testcase name="factoryReturnsAgedBrieBehaviorClass()" classname="com.gildedrose.BehaviorClassInstantiationTest" time="0.003"/>
  <testcase name="factoryReturnsBackstagePassBehaviorClass()" classname="com.gildedrose.BehaviorClassInstantiationTest" time="0.003"/>
  <testcase name="factoryReturnsDefaultBehaviorIfItemDoesntExist()" classname="com.gildedrose.BehaviorClassInstantiationTest" time="0.0"/>
  <testcase name="factoryReturnsSulfuraBehaviorClass()" classname="com.gildedrose.BehaviorClassInstantiationTest" time="0.002"/>
  <testcase name="factoryReturnsDefaultBehaviorClassDexterityVest()" classname="com.gildedrose.BehaviorClassInstantiationTest" time="0.001"/>
  <system-out><![CDATA[]]></system-out>
  <system-err><![CDATA[]]></system-err>
</testsuite>
