<?xml version="1.0" encoding="UTF-8"?>
<testsuite name="com.gildedrose.GildedRoseTest" tests="50" skipped="0" failures="0" errors="0" timestamp="2020-09-27T21:27:23" hostname="LAPTOP-7EIT0NTC" time="0.086">
  <properties/>
  <testcase name="ElixirQualityDoesntDropUnder0WhenExpired()" classname="com.gildedrose.GildedRoseTest" time="0.03"/>
  <testcase name="ConjuredDexterityVestQualityUpgradeWhenExpired()" classname="com.gildedrose.GildedRoseTest" time="0.004"/>
  <testcase name="ConjuredBackstagePassQualityUpgradeSellInUnder5Above0CapsAt50()" classname="com.gildedrose.GildedRoseTest" time="0.002"/>
  <testcase name="AgedBrieQualityUpgrade()" classname="com.gildedrose.GildedRoseTest" time="0.002"/>
  <testcase name="DexterityVestQualityUpgrade()" classname="com.gildedrose.GildedRoseTest" time="0.0"/>
  <testcase name="ConjuredBackstagePassQualityUpgradeSellInUnder5Above0()" classname="com.gildedrose.GildedRoseTest" time="0.0"/>
  <testcase name="ConjuredSulfurasQualityUpgradeWhenExpired()" classname="com.gildedrose.GildedRoseTest" time="0.002"/>
  <testcase name="ConjuredDexterityVestQualityUpgrade()" classname="com.gildedrose.GildedRoseTest" time="0.0"/>
  <testcase name="FactoryReturnsElixirBehaviorClass()" classname="com.gildedrose.GildedRoseTest" time="0.0"/>
  <testcase name="ConjuredBackstagePassQualityUpgradeSellInAbove10()" classname="com.gildedrose.GildedRoseTest" time="0.0"/>
  <testcase name="AgedBrieQualityUpgradeWhenExpired()" classname="com.gildedrose.GildedRoseTest" time="0.0"/>
  <testcase name="BackstagePassQualityUpgradeSellInUnder10Above5()" classname="com.gildedrose.GildedRoseTest" time="0.0"/>
  <testcase name="ConjuredElixirQualityUpgrade()" classname="com.gildedrose.GildedRoseTest" time="0.0"/>
  <testcase name="FactoryReturnsSulfuraBehaviorClass()" classname="com.gildedrose.GildedRoseTest" time="0.0"/>
  <testcase name="FactoryReturnsConjuredBehaviorClass()" classname="com.gildedrose.GildedRoseTest" time="0.001"/>
  <testcase name="BehaviorFactoryClass()" classname="com.gildedrose.GildedRoseTest" time="0.001"/>
  <testcase name="FactoryReturnsAgedBrieBehaviorClass()" classname="com.gildedrose.GildedRoseTest" time="0.0"/>
  <testcase name="BackstagePassQualityUpgradeSellInAbove10()" classname="com.gildedrose.GildedRoseTest" time="0.001"/>
  <testcase name="FactoryReturnsDefaultBehaviorIfItemDoesntExist()" classname="com.gildedrose.GildedRoseTest" time="0.0"/>
  <testcase name="ConjuredAgedBrieQualityUpgrade()" classname="com.gildedrose.GildedRoseTest" time="0.0"/>
  <testcase name="DexterityVestQualityDoesntDropUnder0WhenExpired()" classname="com.gildedrose.GildedRoseTest" time="0.001"/>
  <testcase name="AgedBrieSellInUpgrade()" classname="com.gildedrose.GildedRoseTest" time="0.0"/>
  <testcase name="FactoryReturnsBackstagePassBehaviorClass()" classname="com.gildedrose.GildedRoseTest" time="0.0"/>
  <testcase name="AgedBrieQualityIncrementsWhenQualityUnder0()" classname="com.gildedrose.GildedRoseTest" time="0.0"/>
  <testcase name="ConjuredSulfurasQualityUpgrade()" classname="com.gildedrose.GildedRoseTest" time="0.0"/>
  <testcase name="ElixirSellInUpgrade()" classname="com.gildedrose.GildedRoseTest" time="0.0"/>
  <testcase name="AgedBrieQualityDoesntGoAbove50()" classname="com.gildedrose.GildedRoseTest" time="0.001"/>
  <testcase name="AgedBrieQualityDoesntGoAbove50WhenExpired()" classname="com.gildedrose.GildedRoseTest" time="0.0"/>
  <testcase name="ElixirQualityDoesntDropUnder0()" classname="com.gildedrose.GildedRoseTest" time="0.0"/>
  <testcase name="DexterityVestQualityDoesntDropUnder0()" classname="com.gildedrose.GildedRoseTest" time="0.0"/>
  <testcase name="BackStagePassQualityDoesntGoAbove50WhenSellInUnder10Above5()" classname="com.gildedrose.GildedRoseTest" time="0.0"/>
  <testcase name="ElixirQualityUpgrade()" classname="com.gildedrose.GildedRoseTest" time="0.0"/>
  <testcase name="BackStagePassQualityEquals0WhenExpired()" classname="com.gildedrose.GildedRoseTest" time="0.0"/>
  <testcase name="BackStagePassQualityDoesntGoAbove50WhenSellInAbove10()" classname="com.gildedrose.GildedRoseTest" time="0.001"/>
  <testcase name="SulfurasQualityDoesntChangeWhenExpired()" classname="com.gildedrose.GildedRoseTest" time="0.001"/>
  <testcase name="FactoryReturnsDexterityVestBehaviorClass()" classname="com.gildedrose.GildedRoseTest" time="0.0"/>
  <testcase name="QualityUpgradeWhenNegativeQualityHasNoEffect()" classname="com.gildedrose.GildedRoseTest" time="0.0"/>
  <testcase name="SulfurasSellInDoesntChange()" classname="com.gildedrose.GildedRoseTest" time="0.0"/>
  <testcase name="DexterityVestQualityUpgradeWhenExpired()" classname="com.gildedrose.GildedRoseTest" time="0.0"/>
  <testcase name="BackstagePassQualityUpgradeSellInUnder5Above0()" classname="com.gildedrose.GildedRoseTest" time="0.001"/>
  <testcase name="toStringReturnsString()" classname="com.gildedrose.GildedRoseTest" time="0.0"/>
  <testcase name="BackStagePassQualityDoesntGoAbove50WhenSellInUnder5Above0()" classname="com.gildedrose.GildedRoseTest" time="0.0"/>
  <testcase name="BackStagePassSellInUpgrade()" classname="com.gildedrose.GildedRoseTest" time="0.0"/>
  <testcase name="BackstagePassQualityDropsToZeroWhenExpired()" classname="com.gildedrose.GildedRoseTest" time="0.0"/>
  <testcase name="ConjuredBackstagePassQualityUpgradeSellInUnder10Above5()" classname="com.gildedrose.GildedRoseTest" time="0.001"/>
  <testcase name="ElixirQualityUpgradeWhenExpired()" classname="com.gildedrose.GildedRoseTest" time="0.0"/>
  <testcase name="DexterityVestSellInUpgrade()" classname="com.gildedrose.GildedRoseTest" time="0.0"/>
  <testcase name="SulfurasQualityDoesntChange()" classname="com.gildedrose.GildedRoseTest" time="0.0"/>
  <testcase name="AgedBrieQualityUpgradeWhenExpiredCapsAt50()" classname="com.gildedrose.GildedRoseTest" time="0.0"/>
  <testcase name="BackStagePassQualityDoesntDropUnder0()" classname="com.gildedrose.GildedRoseTest" time="0.0"/>
  <system-out><![CDATA[]]></system-out>
  <system-err><![CDATA[]]></system-err>
</testsuite>
