<?xml version="1.0" encoding="UTF-8"?>
<testsuite name="com.gildedrose.GildedRoseTest" tests="32" skipped="0" failures="0" errors="0" timestamp="2020-09-27T18:55:34" hostname="LAPTOP-7EIT0NTC" time="0.068">
  <properties/>
  <testcase name="ElixirQualityDoesntDropUnder0WhenExpired()" classname="com.gildedrose.GildedRoseTest" time="0.028"/>
  <testcase name="AgedBrieQualityUpgrade()" classname="com.gildedrose.GildedRoseTest" time="0.0"/>
  <testcase name="DexterityVestQualityUpgrade()" classname="com.gildedrose.GildedRoseTest" time="0.0"/>
  <testcase name="AgedBrieQualityUpgradeWhenExpired()" classname="com.gildedrose.GildedRoseTest" time="0.001"/>
  <testcase name="BackstagePassQualityUpgradeSellInUnder10Above5()" classname="com.gildedrose.GildedRoseTest" time="0.001"/>
  <testcase name="BackstagePassQualityUpgradeSellInAbove10()" classname="com.gildedrose.GildedRoseTest" time="0.001"/>
  <testcase name="DexterityVestQualityDoesntDropUnder0WhenExpired()" classname="com.gildedrose.GildedRoseTest" time="0.001"/>
  <testcase name="Try()" classname="com.gildedrose.GildedRoseTest" time="0.004"/>
  <testcase name="AgedBrieSellInUpgrade()" classname="com.gildedrose.GildedRoseTest" time="0.0"/>
  <testcase name="AgedBrieQualityIncrementsWhenQualityUnder0()" classname="com.gildedrose.GildedRoseTest" time="0.001"/>
  <testcase name="ElixirSellInUpgrade()" classname="com.gildedrose.GildedRoseTest" time="0.001"/>
  <testcase name="AgedBrieQualityDoesntGoAbove50()" classname="com.gildedrose.GildedRoseTest" time="0.0"/>
  <testcase name="AgedBrieQualityDoesntGoAbove50WhenExpired()" classname="com.gildedrose.GildedRoseTest" time="0.001"/>
  <testcase name="ElixirQualityDoesntDropUnder0()" classname="com.gildedrose.GildedRoseTest" time="0.001"/>
  <testcase name="DexterityVestQualityDoesntDropUnder0()" classname="com.gildedrose.GildedRoseTest" time="0.001"/>
  <testcase name="BackStagePassQualityDoesntGoAbove50WhenSellInUnder10Above5()" classname="com.gildedrose.GildedRoseTest" time="0.001"/>
  <testcase name="ElixirQualityUpgrade()" classname="com.gildedrose.GildedRoseTest" time="0.0"/>
  <testcase name="BackStagePassQualityEquals0WhenExpired()" classname="com.gildedrose.GildedRoseTest" time="0.001"/>
  <testcase name="BackStagePassQualityDoesntGoAbove50WhenSellInAbove10()" classname="com.gildedrose.GildedRoseTest" time="0.0"/>
  <testcase name="SulfurasQualityDoesntChangeWhenExpired()" classname="com.gildedrose.GildedRoseTest" time="0.0"/>
  <testcase name="QualityUpgradeWhenNegativeQualityHasNoEffect()" classname="com.gildedrose.GildedRoseTest" time="0.001"/>
  <testcase name="SulfurasSellInDoesntChange()" classname="com.gildedrose.GildedRoseTest" time="0.001"/>
  <testcase name="DexterityVestQualityUpgradeWhenExpired()" classname="com.gildedrose.GildedRoseTest" time="0.0"/>
  <testcase name="BackstagePassQualityUpgradeSellInUnder5Above0()" classname="com.gildedrose.GildedRoseTest" time="0.0"/>
  <testcase name="BackStagePassQualityDoesntGoAbove50WhenSellInUnder5Above0()" classname="com.gildedrose.GildedRoseTest" time="0.0"/>
  <testcase name="BackStagePassSellInUpgrade()" classname="com.gildedrose.GildedRoseTest" time="0.0"/>
  <testcase name="BackstagePassQualityDropsToZeroWhenExpired()" classname="com.gildedrose.GildedRoseTest" time="0.001"/>
  <testcase name="ElixirQualityUpgradeWhenExpired()" classname="com.gildedrose.GildedRoseTest" time="0.0"/>
  <testcase name="DexterityVestSellInUpgrade()" classname="com.gildedrose.GildedRoseTest" time="0.0"/>
  <testcase name="SulfurasQualityDoesntChange()" classname="com.gildedrose.GildedRoseTest" time="0.001"/>
  <testcase name="TrySellIn()" classname="com.gildedrose.GildedRoseTest" time="0.0"/>
  <testcase name="BackStagePassQualityDoesntDropUnder0()" classname="com.gildedrose.GildedRoseTest" time="0.0"/>
  <system-out><![CDATA[]]></system-out>
  <system-err><![CDATA[]]></system-err>
</testsuite>
