<?xml version="1.0" encoding="UTF-8"?>
<testsuite name="com.gildedrose.ConjuredTest" tests="10" skipped="0" failures="0" errors="0" timestamp="2020-09-29T15:29:10" hostname="turing.local.isima.fr" time="0.005">
  <properties/>
  <testcase name="conjuredDexterityVestQualityUpgrade()" classname="com.gildedrose.ConjuredTest" time="0.001"/>
  <testcase name="conjuredDexterityVestQualityUpgradeWhenExpired()" classname="com.gildedrose.ConjuredTest" time="0.0"/>
  <testcase name="conjuredBackstagePassQualityUpgradeSellInUnder10Above5()" classname="com.gildedrose.ConjuredTest" time="0.0"/>
  <testcase name="conjuredBackstagePassQualityUpgradeSellInUnder5Above0CapsAt50()" classname="com.gildedrose.ConjuredTest" time="0.0"/>
  <testcase name="conjuredElixirQualityUpgrade()" classname="com.gildedrose.ConjuredTest" time="0.001"/>
  <testcase name="conjuredBackstagePassQualityUpgradeSellInAbove10()" classname="com.gildedrose.ConjuredTest" time="0.0"/>
  <testcase name="conjuredAgedBrieQualityUpgrade()" classname="com.gildedrose.ConjuredTest" time="0.0"/>
  <testcase name="conjuredSulfurasQualityUpgrade()" classname="com.gildedrose.ConjuredTest" time="0.001"/>
  <testcase name="conjuredSulfurasQualityUpgradeWhenExpired()" classname="com.gildedrose.ConjuredTest" time="0.0"/>
  <testcase name="conjuredBackstagePassQualityUpgradeSellInUnder5Above0()" classname="com.gildedrose.ConjuredTest" time="0.0"/>
  <system-out><![CDATA[]]></system-out>
  <system-err><![CDATA[]]></system-err>
</testsuite>
