<?xml version="1.0" encoding="UTF-8"?>
<testsuite name="com.gildedrose.NormalDegradationTest" tests="9" skipped="0" failures="0" errors="0" timestamp="2020-09-29T15:29:10" hostname="turing.local.isima.fr" time="0.004">
  <properties/>
  <testcase name="AgedBrieQualityUpgrade()" classname="com.gildedrose.NormalDegradationTest" time="0.0"/>
  <testcase name="DexterityVestQualityUpgrade()" classname="com.gildedrose.NormalDegradationTest" time="0.0"/>
  <testcase name="BackstagePassQualityUpgradeSellInUnder10Above5()" classname="com.gildedrose.NormalDegradationTest" time="0.0"/>
  <testcase name="BackstagePassQualityUpgradeSellInAbove10()" classname="com.gildedrose.NormalDegradationTest" time="0.001"/>
  <testcase name="ElixirQualityUpgrade()" classname="com.gildedrose.NormalDegradationTest" time="0.0"/>
  <testcase name="QualityUpgradeWhenNegativeQualityHasNoEffect()" classname="com.gildedrose.NormalDegradationTest" time="0.0"/>
  <testcase name="BackstagePassQualityUpgradeSellInUnder5Above0()" classname="com.gildedrose.NormalDegradationTest" time="0.0"/>
  <testcase name="toStringReturnsString()" classname="com.gildedrose.NormalDegradationTest" time="0.0"/>
  <testcase name="SulfurasQualityDoesntChange()" classname="com.gildedrose.NormalDegradationTest" time="0.001"/>
  <system-out><![CDATA[]]></system-out>
  <system-err><![CDATA[]]></system-err>
</testsuite>
