<?xml version="1.0" encoding="UTF-8"?>
<testsuite name="com.gildedrose.NormalDegradationTest" tests="9" skipped="0" failures="0" errors="0" timestamp="2020-09-29T19:32:11" hostname="LAPTOP-7EIT0NTC" time="0.013">
  <properties/>
  <testcase name="sulfurasQualityDoesntChange()" classname="com.gildedrose.NormalDegradationTest" time="0.001"/>
  <testcase name="qualityUpgradeWhenNegativeQualityHasNoEffect()" classname="com.gildedrose.NormalDegradationTest" time="0.0"/>
  <testcase name="backstagePassQualityUpgradeSellInUnder5Above0()" classname="com.gildedrose.NormalDegradationTest" time="0.001"/>
  <testcase name="dexterityVestQualityUpgrade()" classname="com.gildedrose.NormalDegradationTest" time="0.001"/>
  <testcase name="backstagePassQualityUpgradeSellInAbove10()" classname="com.gildedrose.NormalDegradationTest" time="0.001"/>
  <testcase name="backstagePassQualityUpgradeSellInUnder10Above5()" classname="com.gildedrose.NormalDegradationTest" time="0.0"/>
  <testcase name="elixirQualityUpgrade()" classname="com.gildedrose.NormalDegradationTest" time="0.001"/>
  <testcase name="agedBrieQualityUpgrade()" classname="com.gildedrose.NormalDegradationTest" time="0.0"/>
  <testcase name="toStringReturnsString()" classname="com.gildedrose.NormalDegradationTest" time="0.001"/>
  <system-out><![CDATA[]]></system-out>
  <system-err><![CDATA[]]></system-err>
</testsuite>
