<?xml version="1.0" encoding="UTF-8"?>
<testsuite name="com.gildedrose.ClassInstantiationTest" tests="8" skipped="0" failures="0" errors="0" timestamp="2020-09-28T18:15:52" hostname="LAPTOP-7EIT0NTC" time="0.047">
  <properties/>
  <testcase name="FactoryReturnsElixirBehaviorClass()" classname="com.gildedrose.ClassInstantiationTest" time="0.03"/>
  <testcase name="FactoryReturnsSulfuraBehaviorClass()" classname="com.gildedrose.ClassInstantiationTest" time="0.003"/>
  <testcase name="FactoryReturnsConjuredBehaviorClass()" classname="com.gildedrose.ClassInstantiationTest" time="0.003"/>
  <testcase name="BehaviorFactoryClass()" classname="com.gildedrose.ClassInstantiationTest" time="0.0"/>
  <testcase name="FactoryReturnsAgedBrieBehaviorClass()" classname="com.gildedrose.ClassInstantiationTest" time="0.002"/>
  <testcase name="FactoryReturnsDefaultBehaviorIfItemDoesntExist()" classname="com.gildedrose.ClassInstantiationTest" time="0.0"/>
  <testcase name="FactoryReturnsBackstagePassBehaviorClass()" classname="com.gildedrose.ClassInstantiationTest" time="0.002"/>
  <testcase name="FactoryReturnsDexterityVestBehaviorClass()" classname="com.gildedrose.ClassInstantiationTest" time="0.002"/>
  <system-out><![CDATA[]]></system-out>
  <system-err><![CDATA[]]></system-err>
</testsuite>
